2019-12-30 22:56:53
  {'chart': 'Scatter Plot',
   'county_fips': None,
   'filename_suffix': 'SD_Scatter',
   'label': 'short_name',
   'msa_fips': '41740',
   'state_fips': None,
   'title': 'Adaptive Choropleth Mapper: Scatter Plot with Correlation',
   'variables': ['p_nonhisp_white_persons',
                 'p_nonhisp_black_persons',
                 'p_hispanic_persons',
                 'p_native_persons',
                 'p_asian_persons',
                 'p_hawaiian_persons',
                 'p_asian_indian_persons',
                 'p_chinese_persons',
                 'p_filipino_persons',
                 'p_japanese_persons',
                 'p_korean_persons',
                 'p_vietnamese_persons',
                 'median_household_income',
                 'median_income_whitehh',
                 'median_income_blackhh',
                 'median_income_hispanichh',
                 'median_income_asianhh',
                 'per_capita_income'],
   'year': 2000}