2019-12-31 00:37:21
  {'Chord_Diagram_in_neighborhoods': True,
   'Distribution_INC1': True,
   'Distribution_INC2_different_cluster': True,
   'Distribution_INC2_different_period': True,
   'Index_of_neighborhood_change': True,
   'Maps_of_neighborhood': True,
   'Parallel_Categories_Diagram_in_neighborhoods': True,
   'Sequence': {'dist_type': 'tran', 'seq_clusters': 5},
   'Temporal_change_in_neighborhoods': True,
   'county_fips': None,
   'filename_suffix': 'SD_everything',
   'method': 'kmeans',
   'msa_fips': '41740',
   'nClusters': 8,
   'state_fips': None,
   'title': 'Neighborhood Analysis: Kmeans, San Diego',
   'variables': ['p_nonhisp_white_persons',
                 'p_nonhisp_black_persons',
                 'p_hispanic_persons',
                 'p_native_persons',
                 'p_asian_persons'],
   'years': [1980, 1990, 2000, 2010]}