metro 15060  ave: 1.00  sum: 5.00  nTract: 5  OR  Brookings
metro 18300  ave: 0.95  sum: 12.36  nTract: 13  OR  Coos Bay
metro 18700  ave: 0.99  sum: 17.76  nTract: 18  OR  Corvallis
metro 21660  ave: 0.93  sum: 79.64  nTract: 86  OR  Eugene
metro 24420  ave: 0.95  sum: 15.12  nTract: 16  OR  Grants Pass
metro 25840  ave: 0.81  sum: 13.73  nTract: 17  OR  Hermiston-Pendleton
metro 26220  ave: 0.75  sum: 3.00  nTract: 4  OR  Hood River
metro 28900  ave: 0.97  sum: 19.40  nTract: 20  OR  Klamath Falls
metro 29260  ave: 0.79  sum: 6.34  nTract: 8  OR  La Grande
metro 32780  ave: 0.92  sum: 37.62  nTract: 41  OR  Medford
metro 35440  ave: 0.97  sum: 16.44  nTract: 17  OR  Newport
metro 36620  ave: 0.90  sum: 9.85  nTract: 11  OR  Ontario
metro 38900  ave: 0.92  sum: 453.97  nTract: 491  WA  Portland-Vancouver-Hillsboro
metro 39260  ave: 0.50  sum: 2.00  nTract: 4  OR  Prineville
metro 40700  ave: 0.92  sum: 20.30  nTract: 22  OR  Roseburg
metro 41420  ave: 0.93  sum: 65.23  nTract: 70  OR  Salem
metro 45520  ave: 1.00  sum: 8.00  nTract: 8  OR  The Dalles
metro 10900  ave: 0.87  sum: 155.83  nTract: 179  PA  Allentown-Bethlehem-Easton
metro 11020  ave: 0.91  sum: 30.88  nTract: 34  PA  Altoona
metro 14100  ave: 0.83  sum: 15.68  nTract: 19  PA  Bloomsburg-Berwick
metro 14620  ave: 0.77  sum: 9.28  nTract: 12  PA  Bradford
metro 16540  ave: 0.90  sum: 24.19  nTract: 27  PA  Chambersburg-Waynesboro
metro 20180  ave: 0.91  sum: 18.13  nTract: 20  PA  DuBois
metro 20700  ave: 0.94  sum: 30.99  nTract: 33  PA  East Stroudsburg
metro 21500  ave: 0.83  sum: 58.87  nTract: 71  PA  Erie
metro 23900  ave: 0.97  sum: 22.42  nTract: 23  PA  Gettysburg
metro 25420  ave: 0.81  sum: 99.89  nTract: 124  PA  Harrisburg-Carlisle
metro 26500  ave: 0.63  sum: 7.57  nTract: 12  PA  Huntingdon
metro 26860  ave: 0.74  sum: 17.13  nTract: 23  PA  Indiana
metro 27780  ave: 0.80  sum: 33.58  nTract: 42  PA  Johnstown
metro 29540  ave: 0.82  sum: 80.05  nTract: 98  PA  Lancaster
metro 30140  ave: 0.96  sum: 29.73  nTract: 31  PA  Lebanon
metro 30260  ave: 0.88  sum: 8.80  nTract: 10  PA  Lewisburg
metro 30380  ave: 0.92  sum: 11.06  nTract: 12  PA  Lewistown
metro 30820  ave: 0.79  sum: 7.09  nTract: 9  PA  Lock Haven
metro 32740  ave: 0.81  sum: 18.70  nTract: 23  PA  Meadville
metro 35260  ave: 0.80  sum: 22.52  nTract: 28  PA  New Castle
metro 35620  ave: 0.84  sum: 3925.21  nTract: 4666  PA  New York-Newark-Jersey City
metro 36340  ave: 0.86  sum: 13.82  nTract: 16  PA  Oil City
metro 37980  ave: 0.83  sum: 1226.07  nTract: 1472  PA  Philadelphia-Camden-Wilmington
metro 38300  ave: 0.78  sum: 554.25  nTract: 709  PA  Pittsburgh
metro 39060  ave: 0.84  sum: 33.68  nTract: 40  PA  Pottsville
metro 39740  ave: 0.78  sum: 70.31  nTract: 90  PA  Reading
metro 42380  ave: 0.97  sum: 13.58  nTract: 14  PA  Sayre
metro 42540  ave: 0.81  sum: 137.99  nTract: 170  PA  Scranton--Wilkes-Barre--Hazleton
metro 42780  ave: 0.81  sum: 6.50  nTract: 8  PA  Selinsgrove
metro 43740  ave: 0.93  sum: 19.48  nTract: 21  PA  Somerset
metro 44300  ave: 0.81  sum: 25.05  nTract: 31  PA  State College
metro 44980  ave: 0.82  sum: 19.74  nTract: 24  PA  Sunbury
metro 47620  ave: 0.98  sum: 12.72  nTract: 13  PA  Warren
metro 48700  ave: 0.78  sum: 22.53  nTract: 29  PA  Williamsport
metro 49620  ave: 0.72  sum: 64.63  nTract: 90  PA  York-Hanover
metro 49660  ave: 0.71  sum: 110.70  nTract: 155  PA  Youngstown-Warren-Boardman
metro 39300  ave: 0.84  sum: 307.12  nTract: 365  RI  Providence-Warwick
metro 12260  ave: 0.93  sum: 110.00  nTract: 118  SC  Augusta-Richmond County
metro 13500  ave: 0.86  sum: 6.00  nTract: 7  SC  Bennettsville
metro 16700  ave: 0.97  sum: 149.56  nTract: 154  SC  Charleston-North Charleston
metro 16740  ave: 0.95  sum: 513.15  nTract: 538  SC  Charlotte-Concord-Gastonia
metro 17900  ave: 0.91  sum: 174.33  nTract: 191  SC  Columbia
metro 22500  ave: 0.92  sum: 45.14  nTract: 49  SC  Florence
metro 23500  ave: 0.91  sum: 11.80  nTract: 13  SC  Gaffney
metro 23860  ave: 0.75  sum: 10.50  nTract: 14  SC  Georgetown
metro 24860  ave: 0.93  sum: 180.44  nTract: 195  SC  Greenville-Anderson-Mauldin
metro 24940  ave: 0.91  sum: 18.20  nTract: 20  SC  Greenwood
metro 25940  ave: 0.87  sum: 38.39  nTract: 44  SC  Hilton Head Island-Bluffton-Beaufort
metro 34820  ave: 0.90  sum: 104.66  nTract: 116  SC  Myrtle Beach-Conway-North Myrtle Beach
metro 35140  ave: 1.00  sum: 8.00  nTract: 8  SC  Newberry
metro 36700  ave: 0.86  sum: 17.12  nTract: 20  SC  Orangeburg
metro 42860  ave: 0.82  sum: 12.32  nTract: 15  SC  Seneca
metro 43900  ave: 0.95  sum: 73.87  nTract: 78  SC  Spartanburg
metro 44940  ave: 0.93  sum: 21.39  nTract: 23  SC  Sumter
metro 10100  ave: 0.87  sum: 8.68  nTract: 10  SD  Aberdeen
metro 15100  ave: 0.89  sum: 5.34  nTract: 6  SD  Brookings
metro 26700  ave: 1.00  sum: 6.00  nTract: 6  SD  Huron
metro 33580  ave: 1.00  sum: 5.00  nTract: 5  SD  Mitchell
metro 38180  ave: 0.83  sum: 5.00  nTract: 6  SD  Pierre
metro 39660  ave: 0.88  sum: 26.51  nTract: 30  SD  Rapid City
metro 43580  ave: 0.86  sum: 34.23  nTract: 40  SD  Sioux City
metro 43620  ave: 0.90  sum: 51.50  nTract: 57  SD  Sioux Falls
metro 43940  ave: 0.80  sum: 4.00  nTract: 5  SD  Spearfish
metro 46820  ave: 0.00  sum: 0.00  nTract: 3  SD  Vermillion
metro 47980  ave: 0.91  sum: 6.34  nTract: 7  SD  Watertown
metro 49460  ave: 0.40  sum: 2.00  nTract: 5  SD  Yankton
metro 11940  ave: 0.89  sum: 8.86  nTract: 10  TN  Athens
metro 16860  ave: 0.78  sum: 93.15  nTract: 119  TN  Chattanooga
metro 17300  ave: 0.94  sum: 57.07  nTract: 61  TN  Clarksville
metro 17420  ave: 0.79  sum: 18.95  nTract: 24  TN  Cleveland
metro 18260  ave: 0.78  sum: 20.16  nTract: 26  TN  Cookeville
metro 18900  ave: 0.88  sum: 12.38  nTract: 14  TN  Crossville
metro 19420  ave: 1.00  sum: 6.00  nTract: 6  TN  Dayton
metro 20540  ave: 0.62  sum: 4.99  nTract: 8  TN  Dyersburg
metro 24620  ave: 0.85  sum: 12.74  nTract: 15  TN  Greeneville
metro 27180  ave: 0.93  sum: 32.51  nTract: 35  TN  Jackson
metro 27740  ave: 0.87  sum: 38.24  nTract: 44  TN  Johnson City
metro 28700  ave: 0.89  sum: 63.39  nTract: 71  VA  Kingsport-Bristol-Bristol
metro 28940  ave: 0.82  sum: 166.55  nTract: 202  TN  Knoxville
metro 29980  ave: 0.76  sum: 8.40  nTract: 11  TN  Lawrenceburg
metro 30280  ave: 0.83  sum: 5.00  nTract: 6  TN  Lewisburg
metro 32280  ave: 0.77  sum: 8.50  nTract: 11  TN  Martin
metro 32660  ave: 0.73  sum: 6.60  nTract: 9  TN  McMinnville
metro 32820  ave: 0.92  sum: 288.14  nTract: 312  TN  Memphis
metro 34100  ave: 0.84  sum: 17.66  nTract: 21  TN  Morristown
metro 34980  ave: 0.88  sum: 335.33  nTract: 379  TN  Nashville-Davidson--Murfreesboro--Franklin
metro 35460  ave: 0.94  sum: 8.50  nTract: 9  TN  Newport
metro 37540  ave: 0.59  sum: 5.34  nTract: 9  TN  Paris
metro 42940  ave: 0.96  sum: 17.25  nTract: 18  TN  Sevierville
metro 43180  ave: 0.67  sum: 6.00  nTract: 9  TN  Shelbyville
metro 46100  ave: 0.93  sum: 21.45  nTract: 23  TN  Tullahoma-Manchester
metro 46460  ave: 0.50  sum: 5.99  nTract: 12  TN  Union City
metro 10180  ave: 0.93  sum: 43.66  nTract: 47  TX  Abilene
metro 10860  ave: 0.57  sum: 4.00  nTract: 7  TX  Alice
metro 11100  ave: 0.86  sum: 57.87  nTract: 67  TX  Amarillo
metro 11380  ave: 0.00  sum: 0.00  nTract: 4  TX  Andrews
metro 11980  ave: 0.96  sum: 16.39  nTract: 17  TX  Athens
metro 12420  ave: 0.93  sum: 326.76  nTract: 350  TX  Austin-Round Rock
metro 13060  ave: 0.70  sum: 7.00  nTract: 10  TX  Bay City
metro 13140  ave: 0.79  sum: 90.69  nTract: 115  TX  Beaumont-Port Arthur
metro 13300  ave: 0.86  sum: 6.00  nTract: 7  TX  Beeville
metro 13700  ave: 0.91  sum: 10.00  nTract: 11  TX  Big Spring
metro 14420  ave: 0.86  sum: 6.00  nTract: 7  TX  Borger
metro 14780  ave: 1.00  sum: 6.00  nTract: 6  TX  Brenham
metro 15180  ave: 0.93  sum: 79.29  nTract: 85  TX  Brownsville-Harlingen
metro 15220  ave: 0.81  sum: 9.66  nTract: 12  TX  Brownwood
metro 17780  ave: 0.85  sum: 44.46  nTract: 52  TX  College Station-Bryan
metro 18580  ave: 0.92  sum: 92.48  nTract: 101  TX  Corpus Christi
metro 18620  ave: 0.83  sum: 8.34  nTract: 10  TX  Corsicana
metro 19100  ave: 0.94  sum: 1240.40  nTract: 1323  TX  Dallas-Fort Worth-Arlington
metro 19620  ave: 0.75  sum: 7.50  nTract: 10  TX  Del Rio
metro 20300  ave: 1.00  sum: 4.00  nTract: 4  TX  Dumas
metro 20580  ave: 0.94  sum: 8.50  nTract: 9  TX  Eagle Pass
metro 20900  ave: 0.91  sum: 10.00  nTract: 11  TX  El Campo
metro 21340  ave: 0.89  sum: 144.39  nTract: 162  TX  El Paso
metro 23240  ave: 0.60  sum: 3.00  nTract: 5  TX  Fredericksburg
metro 23620  ave: 0.71  sum: 5.67  nTract: 8  TX  Gainesville
metro 25820  ave: 0.50  sum: 2.00  nTract: 4  TX  Hereford
metro 26420  ave: 0.92  sum: 987.67  nTract: 1068  TX  Houston-The Woodlands-Sugar Land
metro 26660  ave: 0.85  sum: 12.72  nTract: 15  TX  Huntsville
metro 27380  ave: 0.73  sum: 8.80  nTract: 12  TX  Jacksonville
metro 28500  ave: 0.70  sum: 7.00  nTract: 10  TX  Kerrville
metro 28660  ave: 0.92  sum: 82.31  nTract: 89  TX  Killeen-Temple
metro 28780  ave: 0.67  sum: 4.00  nTract: 6  TX  Kingsville
metro 29500  ave: 0.50  sum: 2.00  nTract: 4  TX  Lamesa
metro 29700  ave: 0.95  sum: 57.94  nTract: 61  TX  Laredo
metro 30220  ave: 0.71  sum: 5.00  nTract: 7  TX  Levelland
metro 30980  ave: 0.94  sum: 42.43  nTract: 45  TX  Longview
metro 31180  ave: 0.93  sum: 68.48  nTract: 74  TX  Lubbock
metro 31260  ave: 0.59  sum: 10.00  nTract: 17  TX  Lufkin
metro 32220  ave: 0.97  sum: 13.60  nTract: 14  TX  Marshall
metro 32580  ave: 0.93  sum: 105.26  nTract: 113  TX  McAllen-Edinburg-Mission
metro 33260  ave: 0.92  sum: 26.82  nTract: 29  TX  Midland
metro 33420  ave: 0.78  sum: 7.00  nTract: 9  TX  Mineral Wells
metro 34420  ave: 0.79  sum: 6.34  nTract: 8  TX  Mount Pleasant
metro 34860  ave: 0.78  sum: 10.10  nTract: 13  TX  Nacogdoches
metro 36220  ave: 0.79  sum: 22.21  nTract: 28  TX  Odessa
metro 37300  ave: 0.59  sum: 6.50  nTract: 11  TX  Palestine
metro 37420  ave: 0.43  sum: 3.00  nTract: 7  TX  Pampa
metro 37580  ave: 0.76  sum: 9.14  nTract: 12  TX  Paris
metro 37780  ave: 0.80  sum: 4.00  nTract: 5  TX  Pecos
metro 38380  ave: 0.82  sum: 7.34  nTract: 9  TX  Plainview
metro 38920  ave: 0.80  sum: 4.00  nTract: 5  TX  Port Lavaca
metro 39700  ave: 0.40  sum: 2.00  nTract: 5  TX  Raymondville
metro 40100  ave: 0.99  sum: 14.80  nTract: 15  TX  Rio Grande City
metro 41660  ave: 0.84  sum: 21.78  nTract: 26  TX  San Angelo
metro 41700  ave: 0.90  sum: 410.39  nTract: 457  TX  San Antonio-New Braunfels
metro 43300  ave: 0.92  sum: 23.94  nTract: 26  TX  Sherman-Denison
metro 43660  ave: 1.00  sum: 4.00  nTract: 4  TX  Snyder
metro 44500  ave: 0.79  sum: 6.34  nTract: 8  TX  Stephenville
metro 44860  ave: 0.79  sum: 7.10  nTract: 9  TX  Sulphur Springs
metro 45020  ave: 0.40  sum: 2.00  nTract: 5  TX  Sweetwater
metro 45500  ave: 0.94  sum: 32.10  nTract: 34  TX  Texarkana
metro 46340  ave: 0.95  sum: 38.88  nTract: 41  TX  Tyler
metro 46620  ave: 0.60  sum: 3.00  nTract: 5  TX  Uvalde
metro 46900  ave: 0.50  sum: 2.00  nTract: 4  TX  Vernon
metro 47020  ave: 0.85  sum: 21.36  nTract: 25  TX  Victoria
metro 47380  ave: 0.89  sum: 50.74  nTract: 57  TX  Waco
metro 48660  ave: 0.86  sum: 36.98  nTract: 43  TX  Wichita Falls
metro 49820  ave: 0.67  sum: 2.00  nTract: 3  TX  Zapata
metro 16260  ave: 1.00  sum: 8.00  nTract: 8  UT  Cedar City
metro 25720  ave: 1.00  sum: 4.00  nTract: 4  UT  Heber
metro 30860  ave: 0.90  sum: 25.27  nTract: 28  UT  Logan
metro 36260  ave: 0.88  sum: 102.57  nTract: 117  UT  Ogden-Clearfield
metro 39220  ave: 0.60  sum: 3.00  nTract: 5  UT  Price
metro 39340  ave: 0.94  sum: 121.52  nTract: 129  UT  Provo-Orem
metro 41100  ave: 0.95  sum: 20.02  nTract: 21  UT  St. George
metro 41620  ave: 0.92  sum: 203.48  nTract: 222  UT  Salt Lake City
metro 44920  ave: 0.94  sum: 12.28  nTract: 13  UT  Summit Park
metro 46860  ave: 0.83  sum: 5.00  nTract: 6  UT  Vernal
metro 12740  ave: 0.95  sum: 18.08  nTract: 19  VT  Barre
metro 13540  ave: 1.00  sum: 12.00  nTract: 12  VT  Bennington
metro 13620  ave: 1.00  sum: 14.00  nTract: 14  VT  Berlin
metro 15540  ave: 0.92  sum: 43.02  nTract: 47  VT  Burlington-South Burlington
metro 17200  ave: 0.82  sum: 46.79  nTract: 57  VT  Claremont-Lebanon
metro 40860  ave: 0.96  sum: 19.12  nTract: 20  VT  Rutland
metro 13720  ave: 0.85  sum: 13.67  nTract: 16  VA  Big Stone Gap
metro 13980  ave: 0.87  sum: 31.27  nTract: 36  VA  Blacksburg-Christiansburg-Radford
metro 14140  ave: 0.90  sum: 24.21  nTract: 27  WV  Bluefield
metro 16820  ave: 0.94  sum: 45.26  nTract: 48  VA  Charlottesville
metro 19260  ave: 0.96  sum: 30.78  nTract: 32  VA  Danville
metro 25500  ave: 0.91  sum: 27.20  nTract: 30  VA  Harrisonburg
metro 28700  ave: 0.89  sum: 63.37  nTract: 71  VA  Kingsport-Bristol-Bristol
metro 31340  ave: 0.96  sum: 57.48  nTract: 60  VA  Lynchburg
metro 32300  ave: 0.90  sum: 17.14  nTract: 19  VA  Martinsville
metro 40060  ave: 0.94  sum: 277.12  nTract: 295  VA  Richmond
metro 40220  ave: 0.88  sum: 57.37  nTract: 65  VA  Roanoke
metro 44420  ave: 0.98  sum: 23.58  nTract: 24  VA  Staunton-Waynesboro
metro 47260  ave: 0.91  sum: 376.87  nTract: 415  VA  Virginia Beach-Norfolk-Newport News
metro 47900  ave: 0.93  sum: 1256.87  nTract: 1351  WV  Washington-Arlington-Alexandria
metro 49020  ave: 0.67  sum: 16.04  nTract: 24  WV  Winchester
metro 10140  ave: 0.74  sum: 11.84  nTract: 16  WA  Aberdeen
metro 13380  ave: 0.93  sum: 31.47  nTract: 34  WA  Bellingham
metro 14740  ave: 0.89  sum: 47.91  nTract: 54  WA  Bremerton-Silverdale
metro 16500  ave: 0.96  sum: 19.28  nTract: 20  WA  Centralia
metro 21260  ave: 1.00  sum: 8.00  nTract: 8  WA  Ellensburg
metro 28420  ave: 0.90  sum: 45.06  nTract: 50  WA  Kennewick-Richland
metro 30300  ave: 0.92  sum: 14.78  nTract: 16  WA  Lewiston
metro 31020  ave: 0.91  sum: 21.82  nTract: 24  WA  Longview
metro 34180  ave: 0.78  sum: 12.52  nTract: 16  WA  Moses Lake
metro 34580  ave: 0.94  sum: 27.14  nTract: 29  WA  Mount Vernon-Anacortes
metro 36020  ave: 0.67  sum: 14.09  nTract: 21  WA  Oak Harbor
metro 36500  ave: 0.94  sum: 45.94  nTract: 49  WA  Olympia-Tumwater
metro 36830  ave: 1.00  sum: 5.00  nTract: 5  WA  Othello
metro 38820  ave: 0.71  sum: 14.95  nTract: 21  WA  Port Angeles
metro 38900  ave: 0.92  sum: 454.14  nTract: 491  WA  Portland-Vancouver-Hillsboro
metro 39420  ave: 0.57  sum: 5.67  nTract: 10  WA  Pullman
metro 42660  ave: 0.91  sum: 655.52  nTract: 718  WA  Seattle-Tacoma-Bellevue
metro 43220  ave: 0.85  sum: 11.92  nTract: 14  WA  Shelton
metro 44060  ave: 0.88  sum: 107.80  nTract: 122  WA  Spokane-Spokane Valley
metro 47460  ave: 0.74  sum: 9.66  nTract: 13  WA  Walla Walla
metro 48300  ave: 0.94  sum: 20.76  nTract: 22  WA  Wenatchee
metro 49420  ave: 0.85  sum: 38.06  nTract: 45  WA  Yakima
metro 13220  ave: 0.85  sum: 24.55  nTract: 29  WV  Beckley
metro 14140  ave: 0.81  sum: 21.88  nTract: 27  WV  Bluefield
metro 16620  ave: 0.85  sum: 54.55  nTract: 64  WV  Charleston
metro 17220  ave: 0.96  sum: 26.78  nTract: 28  WV  Clarksburg
metro 19060  ave: 0.89  sum: 26.60  nTract: 30  WV  Cumberland
metro 21180  ave: 0.57  sum: 4.00  nTract: 7  WV  Elkins
metro 21900  ave: 0.78  sum: 14.02  nTract: 18  WV  Fairmont
metro 25180  ave: 0.89  sum: 40.99  nTract: 46  WV  Hagerstown-Martinsburg
metro 26580  ave: 0.85  sum: 78.64  nTract: 93  WV  Huntington-Ashland
metro 30880  ave: 0.78  sum: 7.00  nTract: 9  WV  Logan
metro 34060  ave: 0.90  sum: 28.79  nTract: 32  WV  Morgantown
metro 37620  ave: 0.97  sum: 27.06  nTract: 28  WV  Parkersburg-Vienna
metro 38580  ave: 0.94  sum: 12.20  nTract: 13  WV  Point Pleasant
metro 47900  ave: 0.93  sum: 1257.94  nTract: 1351  WV  Washington-Arlington-Alexandria
metro 48260  ave: 0.69  sum: 25.35  nTract: 37  WV  Weirton-Steubenville
metro 48540  ave: 0.88  sum: 41.48  nTract: 47  WV  Wheeling
metro 49020  ave: 0.79  sum: 18.93  nTract: 24  WV  Winchester
metro 11540  ave: 0.86  sum: 43.77  nTract: 51  WI  Appleton
metro 12660  ave: 0.95  sum: 12.40  nTract: 13  WI  Baraboo
metro 13180  ave: 0.86  sum: 17.24  nTract: 20  WI  Beaver Dam
metro 16980  ave: 0.84  sum: 1865.69  nTract: 2208  WI  Chicago-Naperville-Elgin
metro 20260  ave: 0.83  sum: 70.91  nTract: 85  WI  Duluth
metro 20740  ave: 0.88  sum: 27.40  nTract: 31  WI  Eau Claire
metro 22540  ave: 0.91  sum: 18.12  nTract: 20  WI  Fond du Lac
metro 24580  ave: 0.87  sum: 59.12  nTract: 68  WI  Green Bay
metro 27020  ave: 1.00  sum: 9.00  nTract: 9  WI  Iron Mountain
metro 27500  ave: 0.86  sum: 32.61  nTract: 38  WI  Janesville-Beloit
metro 29100  ave: 0.85  sum: 25.59  nTract: 30  WI  La Crosse-Onalaska
metro 31540  ave: 0.88  sum: 115.25  nTract: 131  WI  Madison
metro 31820  ave: 0.80  sum: 15.17  nTract: 19  WI  Manitowoc
metro 31940  ave: 0.91  sum: 17.25  nTract: 19  WI  Marinette
metro 32860  ave: 0.69  sum: 5.50  nTract: 8  WI  Menomonie
metro 32980  ave: 0.87  sum: 8.66  nTract: 10  WI  Merrill
metro 33340  ave: 0.81  sum: 345.95  nTract: 428  WI  Milwaukee-Waukesha-West Allis
metro 33460  ave: 0.88  sum: 691.06  nTract: 788  WI  Minneapolis-St. Paul-Bloomington
metro 36780  ave: 0.94  sum: 38.44  nTract: 41  WI  Oshkosh-Neenah
metro 38420  ave: 0.77  sum: 9.25  nTract: 12  WI  Platteville
metro 39540  ave: 0.87  sum: 38.11  nTract: 44  WI  Racine
metro 43020  ave: 0.93  sum: 12.05  nTract: 13  WI  Shawano
metro 43100  ave: 0.76  sum: 19.69  nTract: 26  WI  Sheboygan
metro 44620  ave: 0.91  sum: 12.78  nTract: 14  WI  Stevens Point
metro 48020  ave: 0.89  sum: 17.78  nTract: 20  WI  Watertown-Fort Atkinson
metro 48140  ave: 0.87  sum: 23.45  nTract: 27  WI  Wausau
metro 48580  ave: 0.82  sum: 18.10  nTract: 22  WI  Whitewater-Elkhorn
metro 49220  ave: 0.95  sum: 16.10  nTract: 17  WI  Wisconsin Rapids-Marshfield
metro 16220  ave: 0.92  sum: 16.64  nTract: 18  WY  Casper
metro 16940  ave: 0.92  sum: 19.35  nTract: 21  WY  Cheyenne
metro 21740  ave: 0.00  sum: 0.00  nTract: 3  WY  Evanston
metro 23940  ave: 1.00  sum: 7.00  nTract: 7  WY  Gillette
metro 27220  ave: 1.00  sum: 5.00  nTract: 5  WY  Jackson
metro 29660  ave: 0.86  sum: 8.60  nTract: 10  WY  Laramie
metro 40180  ave: 1.00  sum: 10.00  nTract: 10  WY  Riverton
metro 40540  ave: 0.96  sum: 11.50  nTract: 12  WY  Rock Springs
metro 43260  ave: 0.75  sum: 4.50  nTract: 6  WY  Sheridan
ValueError in KMeans.  metro: 10260  PR  Adjuntas
metro 10380  ave: -9999.00  sum: 0.00  nTract: 0  PR  Aguadilla-Isabela
metro 11640  ave: -9999.00  sum: 0.00  nTract: 0  PR  Arecibo
metro 17620  ave: -9999.00  sum: 0.00  nTract: 0  PR  Coamo
ValueError in KMeans.  metro: 17640  PR  Coco
metro 25020  ave: -9999.00  sum: 0.00  nTract: 0  PR  Guayama
ValueError in KMeans.  metro: 27580  PR  Jayuya
metro 32420  ave: -9999.00  sum: 0.00  nTract: 0  PR  Mayag
metro 38660  ave: -9999.00  sum: 0.00  nTract: 0  PR  Ponce
metro 41900  ave: -9999.00  sum: 0.00  nTract: 0  PR  San GermSn
metro 41980  ave: -9999.00  sum: 0.00  nTract: 0  PR  San Juan-Carolina-Caguas
ValueError in KMeans.  metro: 42180  PR  Santa Isabel
nResults: 6
KMeansbySelectedTractid ended at 2018-10-31 20:45:44    Elapsed 00:05:02

C:\inetpub\wwwroot\LNCE\python>





metro 36540  ave: 0.84  sum: 213.30  nTract: 255  NE  Omaha-Council Bluffs
               ave: 0.84  sum: 213.95  nTract: 255  NE  Omaha-Council Bluffs
metro 43580  ave: 0.84  sum: 33.76  nTract: 40  SD  Sioux City
               ave: 0.85  sum: 33.81  nTract: 40  NE  Sioux City
metro 14460  ave: 0.84  sum: 837.81  nTract: 1000  NH  Boston-Cambridge-Newton
               ave: 0.82  sum: 823.59  nTract: 1000  NH  Boston-Cambridge-Newton
metro 37980  ave: 0.83  sum: 1224.47  nTract: 1472  PA  Philadelphia-Camden-Wilmington
               ave: 0.83  sum: 1224.92  nTract: 1472  NJ  Philadelphia-Camden-Wilmington
Traceback (most recent call last):
  File "C:\inetpub\wwwroot\LNCE\python\IndexNeighborhoodChangebySelectedTractid_batch.py", line 819, in <module>

  File "C:\inetpub\wwwroot\LNCE\python\IndexNeighborhoodChangebySelectedTractid_batch.py", line 623, in KMeansbyAllMetro

    for idx, row in dfk.iterrows():
  File "C:\Python36\lib\site-packages\pandas\core\frame.py", line 775, in iterrows
    s = klass(v, index=columns, name=k)
  File "C:\Python36\lib\site-packages\pandas\core\series.py", line 281, in __init__
    self.name = name
  File "C:\Python36\lib\site-packages\pandas\core\generic.py", line 4394, in __setattr__
    object.__setattr__(self, name, value)
KeyboardInterrupt

C:\inetpub\wwwroot\LNCE\python>IndexNeighborhoodChangebySelectedTractid_batch.py
KMeansbySelectedTractid start at 2018-10-31 22:26:12
colList:  nhwht80, nhblk80, nhwht90, nhblk90, nhwht00, nhblk00, nhwht10, nhblk10
0 ('01001020100', 96.2753, 2.0202, 95.8263, 2.08686, 89.6929, 7.54815, 83.7343, 11.9247)
1 ('01001020200', 37.0802, 61.3972, 36.7799, 62.0384, 35.4651, 62.2093, 38.894, 56.4977)
2 ('01001020300', 83.514, 14.764, 85.3997, 13.7195, 82.0006, 14.9146, 75.2446, 19.8043)
68497 ('72153750601', None, None, None, None, None, None, 0.489182, 0.0)
68498 ('72153750602', None, None, None, None, None, None, 0.254696, 0.0)
resultArray: 68499
stateKeys: 52
metroKeys: 929
countyKeys: 1882
0 01001 [0, 11]
1 01003 [12, 43]
2 01007 [44, 47]
1880 72151 [68479, 68487]
1881 72153 [68488, 68498]
nResults: 68499
metro 17980  ave: 0.91  sum: 70.98  nTract: 78  AL  Columbus
             ave: 0.91  sum: 70.98  nTract: 78  GA  Columbus
metro 16980  ave: 0.84  sum: 1865.49  nTract: 2208  IL  Chicago-Naperville-Elgin
             ave: 0.85  sum: 1868.30  nTract: 2208  IN  Chicago-Naperville-Elgin
metro 15460  ave: 0.68  sum: 9.58  nTract: 14  IL  Burlington
             ave: 0.73  sum: 10.26  nTract: 14  IA  Burlington
metro 19340  ave: 0.84  sum: 87.72  nTract: 104  IL  Davenport-Moline-Rock Island
             ave: 0.84  sum: 87.84  nTract: 104  IA  Davenport-Moline-Rock Island
metro 22800  ave: 0.76  sum: 15.88  nTract: 21  IL  Fort Madison-Keokuk
             ave: 0.83  sum: 17.33  nTract: 21  IA  Fort Madison-Keokuk
metro 17140  ave: 0.83  sum: 413.53  nTract: 498  IN  Cincinnati
             ave: 0.83  sum: 414.01  nTract: 498  KY  Cincinnati
metro 21780  ave: 0.85  sum: 66.03  nTract: 78  IN  Evansville
             ave: 0.85  sum: 66.47  nTract: 78  KY  Evansville
metro 31140  ave: 0.85  sum: 258.93  nTract: 306  IN  Louisville/Jefferson County
             ave: 0.85  sum: 261.60  nTract: 306  KY  Louisville/Jefferson County
metro 37140  ave: 0.92  sum: 23.83  nTract: 26  IL  Paducah
             ave: 0.88  sum: 22.95  nTract: 26  KY  Paducah
Traceback (most recent call last):
  File "C:\inetpub\wwwroot\LNCE\python\IndexNeighborhoodChangebySelectedTractid_batch.py", line 819, in <module>
    KMeansbyAllMetro(nClusters, years, codes, allcodestring, control)
  File "C:\inetpub\wwwroot\LNCE\python\IndexNeighborhoodChangebySelectedTractid_batch.py", line 594, in KMeansbyAllMetro

    clusters = KMeans(n_clusters=nClusters).fit(df)
  File "C:\Python36\lib\site-packages\sklearn\cluster\k_means_.py", line 896, in fit
    return_n_iter=True)
  File "C:\Python36\lib\site-packages\sklearn\cluster\k_means_.py", line 346, in k_means
    x_squared_norms=x_squared_norms, random_state=random_state)
  File "C:\Python36\lib\site-packages\sklearn\cluster\k_means_.py", line 395, in _kmeans_single_elkan
    x_squared_norms=x_squared_norms)
  File "C:\Python36\lib\site-packages\sklearn\cluster\k_means_.py", line 684, in _init_centroids
    x_squared_norms=x_squared_norms)
  File "C:\Python36\lib\site-packages\sklearn\cluster\k_means_.py", line 113, in _k_init
    X[candidate_ids], X, Y_norm_squared=x_squared_norms, squared=True)
  File "C:\Python36\lib\site-packages\sklearn\metrics\pairwise.py", line 223, in euclidean_distances
    X, Y = check_pairwise_arrays(X, Y)
  File "C:\Python36\lib\site-packages\sklearn\metrics\pairwise.py", line 110, in check_pairwise_arrays
    warn_on_dtype=warn_on_dtype, estimator=estimator)
  File "C:\Python36\lib\site-packages\sklearn\utils\validation.py", line 397, in check_array
    dtype_numeric = isinstance(dtype, six.string_types) and dtype == "numeric"
KeyboardInterrupt

C:\inetpub\wwwroot\LNCE\python>IndexNeighborhoodChangebySelectedTractid_batch.py
KMeansbySelectedTractid start at 2018-10-31 22:30:53
colList:  nhwht80, nhblk80, nhwht90, nhblk90, nhwht00, nhblk00, nhwht10, nhblk10
0 ('01001020100', 96.2753, 2.0202, 95.8263, 2.08686, 89.6929, 7.54815, 83.7343, 11.9247)
1 ('01001020200', 37.0802, 61.3972, 36.7799, 62.0384, 35.4651, 62.2093, 38.894, 56.4977)
2 ('01001020300', 83.514, 14.764, 85.3997, 13.7195, 82.0006, 14.9146, 75.2446, 19.8043)
68497 ('72153750601', None, None, None, None, None, None, 0.489182, 0.0)
68498 ('72153750602', None, None, None, None, None, None, 0.254696, 0.0)
resultArray: 68499
stateKeys: 52
metroKeys: 929
countyKeys: 1882
0 01001 [0, 11]
1 01003 [12, 43]
2 01007 [44, 47]
1880 72151 [68479, 68487]
1881 72153 [68488, 68498]
nResults: 68499
metro 15460  ave: 0.73  sum: 10.26  nTract: 14  IL  Burlington
             ave: 0.73  sum: 10.26  nTract: 14  IA  Burlington
nResults: 14
KMeansbySelectedTractid ended at 2018-10-31 22:30:58    Elapsed 00:00:04

C:\inetpub\wwwroot\LNCE\python>IndexNeighborhoodChangebySelectedTractid_batch.py
KMeansbySelectedTractid start at 2018-10-31 22:33:40
colList:  nhwht80, nhblk80, nhwht90, nhblk90, nhwht00, nhblk00, nhwht10, nhblk10
0 ('01001020100', 96.2753, 2.0202, 95.8263, 2.08686, 89.6929, 7.54815, 83.7343, 11.9247)
1 ('01001020200', 37.0802, 61.3972, 36.7799, 62.0384, 35.4651, 62.2093, 38.894, 56.4977)
2 ('01001020300', 83.514, 14.764, 85.3997, 13.7195, 82.0006, 14.9146, 75.2446, 19.8043)
68497 ('72153750601', None, None, None, None, None, None, 0.489182, 0.0)
68498 ('72153750602', None, None, None, None, None, None, 0.254696, 0.0)
resultArray: 68499
stateKeys: 52
metroKeys: 929
countyKeys: 1882
0 01001 [0, 11]
1 01003 [12, 43]
2 01007 [44, 47]
1880 72151 [68479, 68487]
1881 72153 [68488, 68498]
nResults: 68499
metro 15460  ave: 0.73  sum: 10.26  nTract: 14  IL  Burlington
             ave: 0.73  sum: 10.26  nTract: 14  IA  Burlington
metro 19340  ave: 0.85  sum: 87.92  nTract: 104  IL  Davenport-Moline-Rock Island
             ave: 0.85  sum: 87.92  nTract: 104  IA  Davenport-Moline-Rock Island
nResults: 104
KMeansbySelectedTractid ended at 2018-10-31 22:33:45    Elapsed 00:00:05

C:\inetpub\wwwroot\LNCE\python>IndexNeighborhoodChangebySelectedTractid_batch.py
KMeansbySelectedTractid start at 2018-10-31 22:34:55
colList:  nhwht80, nhblk80, nhwht90, nhblk90, nhwht00, nhblk00, nhwht10, nhblk10
0 ('01001020100', 96.2753, 2.0202, 95.8263, 2.08686, 89.6929, 7.54815, 83.7343, 11.9247)
1 ('01001020200', 37.0802, 61.3972, 36.7799, 62.0384, 35.4651, 62.2093, 38.894, 56.4977)
2 ('01001020300', 83.514, 14.764, 85.3997, 13.7195, 82.0006, 14.9146, 75.2446, 19.8043)
68497 ('72153750601', None, None, None, None, None, None, 0.489182, 0.0)
68498 ('72153750602', None, None, None, None, None, None, 0.254696, 0.0)
resultArray: 68499
stateKeys: 52
metroKeys: 929
countyKeys: 1882
0 01001 [0, 11]
1 01003 [12, 43]
2 01007 [44, 47]
1880 72151 [68479, 68487]
1881 72153 [68488, 68498]
nResults: 68499
metro 17980  ave: 0.91  sum: 70.98  nTract: 78  AL  Columbus
             ave: 0.91  sum: 70.98  nTract: 78  GA  Columbus
metro 16980  ave: 0.84  sum: 1865.66  nTract: 2208  IL  Chicago-Naperville-Elgin
             ave: 0.85  sum: 1865.76  nTract: 2208  IN  Chicago-Naperville-Elgin
metro 15460  ave: 0.73  sum: 10.26  nTract: 14  IL  Burlington
             ave: 0.73  sum: 10.26  nTract: 14  IA  Burlington
metro 19340  ave: 0.87  sum: 90.28  nTract: 104  IL  Davenport-Moline-Rock Island
             ave: 0.84  sum: 87.60  nTract: 104  IA  Davenport-Moline-Rock Island
metro 22800  ave: 0.76  sum: 15.88  nTract: 21  IL  Fort Madison-Keokuk
             ave: 0.83  sum: 17.33  nTract: 21  IA  Fort Madison-Keokuk
metro 17140  ave: 0.83  sum: 413.87  nTract: 498  IN  Cincinnati
             ave: 0.83  sum: 412.99  nTract: 498  KY  Cincinnati
metro 21780  ave: 0.85  sum: 66.03  nTract: 78  IN  Evansville
             ave: 0.85  sum: 66.03  nTract: 78  KY  Evansville
metro 31140  ave: 0.84  sum: 256.44  nTract: 306  IN  Louisville/Jefferson County
             ave: 0.85  sum: 258.93  nTract: 306  KY  Louisville/Jefferson County
metro 37140  ave: 0.88  sum: 22.95  nTract: 26  IL  Paducah
             ave: 0.88  sum: 22.95  nTract: 26  KY  Paducah
metro 37980  ave: 0.83  sum: 1224.36  nTract: 1472  DE  Philadelphia-Camden-Wilmington
             ave: 0.83  sum: 1224.00  nTract: 1472  MD  Philadelphia-Camden-Wilmington
metro 41540  ave: 0.89  sum: 83.51  nTract: 94  DE  Salisbury
             ave: 0.89  sum: 83.64  nTract: 94  MD  Salisbury
metro 47900  ave: 0.93  sum: 1255.63  nTract: 1351  DC  Washington-Arlington-Alexandria
             ave: 0.93  sum: 1256.87  nTract: 1351  MD  Washington-Arlington-Alexandria
metro 49340  ave: 0.87  sum: 171.80  nTract: 197  CT  Worcester
             ave: 0.87  sum: 171.75  nTract: 197  MA  Worcester
metro 43780  ave: 0.84  sum: 71.96  nTract: 86  IN  South Bend-Mishawaka
             ave: 0.83  sum: 71.72  nTract: 86  MI  South Bend-Mishawaka
metro 35020  ave: 0.81  sum: 11.34  nTract: 14  LA  Natchez
             ave: 0.81  sum: 11.34  nTract: 14  MS  Natchez
metro 16020  ave: 0.54  sum: 12.44  nTract: 23  IL  Cape Girardeau
             ave: 0.54  sum: 12.44  nTract: 23  MO  Cape Girardeau
metro 22220  ave: 0.94  sum: 83.43  nTract: 89  AR  Fayetteville-Springdale-Rogers
             ave: 0.94  sum: 83.33  nTract: 89  MO  Fayetteville-Springdale-Rogers
metro 22800  ave: 0.83  sum: 17.33  nTract: 21  IL  Fort Madison-Keokuk
             ave: 0.77  sum: 16.17  nTract: 21  MO  Fort Madison-Keokuk
metro 28140  ave: 0.84  sum: 440.19  nTract: 527  KS  Kansas City
             ave: 0.84  sum: 440.19  nTract: 527  MO  Kansas City
metro 39500  ave: 0.97  sum: 21.34  nTract: 22  IL  Quincy
             ave: 0.97  sum: 21.31  nTract: 22  MO  Quincy
metro 41140  ave: 0.84  sum: 28.46  nTract: 34  KS  St. Joseph
             ave: 0.89  sum: 30.14  nTract: 34  MO  St. Joseph
metro 41180  ave: 0.84  sum: 518.33  nTract: 615  IL  St. Louis
             ave: 0.84  sum: 517.89  nTract: 615  MO  St. Louis
metro 36540  ave: 0.83  sum: 212.28  nTract: 255  IA  Omaha-Council Bluffs
             ave: 0.83  sum: 212.62  nTract: 255  NE  Omaha-Council Bluffs
metro 43580  ave: 0.86  sum: 34.23  nTract: 40  IA  Sioux City
             ave: 0.85  sum: 33.97  nTract: 40  NE  Sioux City
metro 14460  ave: 0.84  sum: 838.05  nTract: 1000  MA  Boston-Cambridge-Newton
             ave: 0.83  sum: 833.66  nTract: 1000  NH  Boston-Cambridge-Newton
metro 37980  ave: 0.83  sum: 1224.00  nTract: 1472  DE  Philadelphia-Camden-Wilmington
             ave: 0.83  sum: 1223.94  nTract: 1472  NJ  Philadelphia-Camden-Wilmington
metro 35620  ave: 0.84  sum: 3925.21  nTract: 4666  NJ  New York-Newark-Jersey City
             ave: 0.84  sum: 3924.85  nTract: 4666  NY  New York-Newark-Jersey City
metro 22020  ave: 0.97  sum: 44.64  nTract: 46  MN  Fargo
             ave: 0.97  sum: 44.79  nTract: 46  ND  Fargo
metro 24220  ave: 0.90  sum: 25.07  nTract: 28  MN  Grand Forks
             ave: 0.90  sum: 25.19  nTract: 28  ND  Grand Forks
metro 47420  ave: 0.75  sum: 6.00  nTract: 8  MN  Wahpeton
             ave: 0.75  sum: 6.00  nTract: 8  ND  Wahpeton
metro 17140  ave: 0.83  sum: 412.99  nTract: 498  IN  Cincinnati
             ave: 0.83  sum: 413.47  nTract: 498  OH  Cincinnati
metro 26580  ave: 0.86  sum: 79.74  nTract: 93  KY  Huntington-Ashland
             ave: 0.86  sum: 79.74  nTract: 93  OH  Huntington-Ashland
metro 22900  ave: 0.89  sum: 51.48  nTract: 58  AR  Fort Smith
             ave: 0.89  sum: 51.48  nTract: 58  OK  Fort Smith
metro 36620  ave: 0.90  sum: 9.85  nTract: 11  ID  Ontario
             ave: 0.90  sum: 9.85  nTract: 11  OR  Ontario
metro 10900  ave: 0.87  sum: 155.83  nTract: 179  NJ  Allentown-Bethlehem-Easton
             ave: 0.87  sum: 155.59  nTract: 179  PA  Allentown-Bethlehem-Easton
metro 35620  ave: 0.84  sum: 3924.85  nTract: 4666  NJ  New York-Newark-Jersey City
             ave: 0.84  sum: 3922.75  nTract: 4666  PA  New York-Newark-Jersey City
metro 37980  ave: 0.83  sum: 1223.94  nTract: 1472  DE  Philadelphia-Camden-Wilmington
             ave: 0.83  sum: 1224.55  nTract: 1472  PA  Philadelphia-Camden-Wilmington
metro 49660  ave: 0.71  sum: 109.54  nTract: 155  OH  Youngstown-Warren-Boardman
             ave: 0.71  sum: 110.62  nTract: 155  PA  Youngstown-Warren-Boardman
metro 39300  ave: 0.84  sum: 308.08  nTract: 365  MA  Providence-Warwick
             ave: 0.81  sum: 296.81  nTract: 365  RI  Providence-Warwick
metro 12260  ave: 0.93  sum: 110.29  nTract: 118  GA  Augusta-Richmond County
             ave: 0.93  sum: 110.20  nTract: 118  SC  Augusta-Richmond County
metro 16740  ave: 0.95  sum: 512.50  nTract: 538  NC  Charlotte-Concord-Gastonia
             ave: 0.95  sum: 513.67  nTract: 538  SC  Charlotte-Concord-Gastonia
metro 34820  ave: 0.90  sum: 104.61  nTract: 116  NC  Myrtle Beach-Conway-North Myrtle Beach
             ave: 0.90  sum: 104.61  nTract: 116  SC  Myrtle Beach-Conway-North Myrtle Beach
metro 43580  ave: 0.85  sum: 33.97  nTract: 40  IA  Sioux City
             ave: 0.86  sum: 34.23  nTract: 40  SD  Sioux City
metro 16860  ave: 0.79  sum: 93.83  nTract: 119  GA  Chattanooga
             ave: 0.78  sum: 93.17  nTract: 119  TN  Chattanooga
metro 17300  ave: 0.93  sum: 56.95  nTract: 61  KY  Clarksville
             ave: 0.94  sum: 57.06  nTract: 61  TN  Clarksville
metro 32820  ave: 0.92  sum: 287.76  nTract: 312  AR  Memphis
             ave: 0.92  sum: 288.19  nTract: 312  TN  Memphis
metro 46460  ave: 0.50  sum: 5.99  nTract: 12  KY  Union City
             ave: 0.50  sum: 5.99  nTract: 12  TN  Union City
metro 45500  ave: 0.95  sum: 32.46  nTract: 34  AR  Texarkana
             ave: 0.95  sum: 32.46  nTract: 34  TX  Texarkana
metro 30860  ave: 0.90  sum: 25.27  nTract: 28  ID  Logan
             ave: 0.91  sum: 25.37  nTract: 28  UT  Logan
metro 13620  ave: 0.95  sum: 13.26  nTract: 14  NH  Berlin
             ave: 0.96  sum: 13.40  nTract: 14  VT  Berlin
metro 17200  ave: 0.82  sum: 46.79  nTract: 57  NH  Claremont-Lebanon
             ave: 0.82  sum: 46.79  nTract: 57  VT  Claremont-Lebanon
metro 28700  ave: 0.89  sum: 63.06  nTract: 71  TN  Kingsport-Bristol-Bristol
             ave: 0.89  sum: 63.37  nTract: 71  VA  Kingsport-Bristol-Bristol
metro 47260  ave: 0.91  sum: 376.87  nTract: 415  NC  Virginia Beach-Norfolk-Newport News
             ave: 0.91  sum: 376.87  nTract: 415  VA  Virginia Beach-Norfolk-Newport News
metro 47900  ave: 0.93  sum: 1256.87  nTract: 1351  DC  Washington-Arlington-Alexandria
             ave: 0.93  sum: 1256.25  nTract: 1351  VA  Washington-Arlington-Alexandria
metro 30300  ave: 0.92  sum: 14.78  nTract: 16  ID  Lewiston
             ave: 0.92  sum: 14.78  nTract: 16  WA  Lewiston
metro 38900  ave: 0.93  sum: 454.19  nTract: 491  OR  Portland-Vancouver-Hillsboro
             ave: 0.92  sum: 453.97  nTract: 491  WA  Portland-Vancouver-Hillsboro
metro 14140  ave: 0.90  sum: 24.20  nTract: 27  VA  Bluefield
             ave: 0.90  sum: 24.28  nTract: 27  WV  Bluefield
metro 19060  ave: 0.89  sum: 26.60  nTract: 30  MD  Cumberland
             ave: 0.89  sum: 26.60  nTract: 30  WV  Cumberland
metro 25180  ave: 0.90  sum: 41.41  nTract: 46  MD  Hagerstown-Martinsburg
             ave: 0.90  sum: 41.41  nTract: 46  WV  Hagerstown-Martinsburg
metro 26580  ave: 0.86  sum: 79.74  nTract: 93  KY  Huntington-Ashland
             ave: 0.85  sum: 79.45  nTract: 93  WV  Huntington-Ashland
metro 38580  ave: 0.92  sum: 12.00  nTract: 13  OH  Point Pleasant
             ave: 0.94  sum: 12.20  nTract: 13  WV  Point Pleasant
metro 47900  ave: 0.93  sum: 1256.25  nTract: 1351  DC  Washington-Arlington-Alexandria
             ave: 0.93  sum: 1258.01  nTract: 1351  WV  Washington-Arlington-Alexandria
metro 48260  ave: 0.69  sum: 25.35  nTract: 37  OH  Weirton-Steubenville
             ave: 0.69  sum: 25.35  nTract: 37  WV  Weirton-Steubenville
metro 48540  ave: 0.86  sum: 40.52  nTract: 47  OH  Wheeling
             ave: 0.88  sum: 41.48  nTract: 47  WV  Wheeling
metro 49020  ave: 0.67  sum: 16.04  nTract: 24  VA  Winchester
             ave: 0.67  sum: 16.04  nTract: 24  WV  Winchester
metro 16980  ave: 0.85  sum: 1865.76  nTract: 2208  IL  Chicago-Naperville-Elgin
             ave: 0.85  sum: 1865.76  nTract: 2208  WI  Chicago-Naperville-Elgin
metro 20260  ave: 0.83  sum: 70.74  nTract: 85  MN  Duluth
             ave: 0.87  sum: 73.61  nTract: 85  WI  Duluth
metro 27020  ave: 1.00  sum: 9.00  nTract: 9  MI  Iron Mountain
             ave: 1.00  sum: 9.00  nTract: 9  WI  Iron Mountain
metro 29100  ave: 0.85  sum: 25.59  nTract: 30  MN  La Crosse-Onalaska
             ave: 0.88  sum: 26.41  nTract: 30  WI  La Crosse-Onalaska
metro 31940  ave: 0.92  sum: 17.47  nTract: 19  MI  Marinette
             ave: 0.91  sum: 17.26  nTract: 19  WI  Marinette
metro 33460  ave: 0.88  sum: 690.57  nTract: 788  MN  Minneapolis-St. Paul-Bloomington
             ave: 0.88  sum: 690.43  nTract: 788  WI  Minneapolis-St. Paul-Bloomington
metro 27220  ave: 1.00  sum: 5.00  nTract: 5  ID  Jackson
             ave: 1.00  sum: 5.00  nTract: 5  WY  Jackson
ValueError in KMeans.  metro: 10260  PR  Adjuntas
ValueError in KMeans.  metro: 17640  PR  Coco
ValueError in KMeans.  metro: 27580  PR  Jayuya
ValueError in KMeans.  metro: 42180  PR  Santa Isabel
nResults: 6
KMeansbySelectedTractid ended at 2018-10-31 22:39:28    Elapsed 00:04:33

C:\inetpub\wwwroot\LNCE\python>

















metro 27020  ave: 1.00  sum: 9.00  nTract: 9  MI  Iron Mountain
             ave: 1.00  sum: 9.00  nTract: 9  WI  Iron Mountain
metro 29100  ave: 0.85  sum: 25.59  nTract: 30  MN  La Crosse-Onalaska
             ave: 0.88  sum: 26.41  nTract: 30  WI  La Crosse-Onalaska
metro 31940  ave: 0.92  sum: 17.47  nTract: 19  MI  Marinette
             ave: 0.91  sum: 17.26  nTract: 19  WI  Marinette
metro 33460  ave: 0.88  sum: 690.57  nTract: 788  MN  Minneapolis-St. Paul-Bloomington
             ave: 0.88  sum: 690.43  nTract: 788  WI  Minneapolis-St. Paul-Bloomington
metro 27220  ave: 1.00  sum: 5.00  nTract: 5  ID  Jackson
             ave: 1.00  sum: 5.00  nTract: 5  WY  Jackson
ValueError in KMeans.  metro: 10260  PR  Adjuntas
ValueError in KMeans.  metro: 17640  PR  Coco
ValueError in KMeans.  metro: 27580  PR  Jayuya
ValueError in KMeans.  metro: 42180  PR  Santa Isabel
nResults: 6
KMeansbySelectedTractid ended at 2018-10-31 22:39:28    Elapsed 00:04:33

C:\inetpub\wwwroot\LNCE\python>

C:\inetpub\wwwroot\LNCE\python>IndexNeighborhoodChangebySelectedTractid_batch.py
KMeansbySelectedTractid start at 2018-10-31 23:02:39
colList:  nhwht80, nhblk80, nhwht90, nhblk90, nhwht00, nhblk00, nhwht10, nhblk10
0 ('01001020100', 96.2753, 2.0202, 95.8263, 2.08686, 89.6929, 7.54815, 83.7343, 11.9247)
1 ('01001020200', 37.0802, 61.3972, 36.7799, 62.0384, 35.4651, 62.2093, 38.894, 56.4977)
2 ('01001020300', 83.514, 14.764, 85.3997, 13.7195, 82.0006, 14.9146, 75.2446, 19.8043)
68497 ('72153750601', None, None, None, None, None, None, 0.489182, 0.0)
68498 ('72153750602', None, None, None, None, None, None, 0.254696, 0.0)
resultArray: 68499
stateKeys: 52
metroKeys: 929
countyKeys: 1882
0 01001 [0, 11]
1 01003 [12, 43]
2 01007 [44, 47]
1880 72151 [68479, 68487]
1881 72153 [68488, 68498]
nResults: 68499
nResults: 68499
KMeansbySelectedTractid ended at 2018-10-31 23:02:43    Elapsed 00:00:04

C:\inetpub\wwwroot\LNCE\python>IndexNeighborhoodChangebySelectedTractid_batch.py
KMeansbySelectedTractid start at 2018-10-31 23:03:19
colList:  nhwht80, nhblk80, nhwht90, nhblk90, nhwht00, nhblk00, nhwht10, nhblk10
0 ('01001020100', 96.2753, 2.0202, 95.8263, 2.08686, 89.6929, 7.54815, 83.7343, 11.9247)
1 ('01001020200', 37.0802, 61.3972, 36.7799, 62.0384, 35.4651, 62.2093, 38.894, 56.4977)
2 ('01001020300', 83.514, 14.764, 85.3997, 13.7195, 82.0006, 14.9146, 75.2446, 19.8043)
68497 ('72153750601', None, None, None, None, None, None, 0.489182, 0.0)
68498 ('72153750602', None, None, None, None, None, None, 0.254696, 0.0)
resultArray: 68499
stateKeys: 52
metroKeys: 929
countyKeys: 1882
0 01001 [0, 11]
1 01003 [12, 43]
2 01007 [44, 47]
1880 72151 [68479, 68487]
1881 72153 [68488, 68498]
nResults: 68499
ValueError in KMeans.  metro: 10260  PR  Adjuntas
metro 10380  ave: -9999.00  sum: 0.00  nTract: 0  PR  Aguadilla-Isabela
metro 11640  ave: -9999.00  sum: 0.00  nTract: 0  PR  Arecibo
metro 17620  ave: -9999.00  sum: 0.00  nTract: 0  PR  Coamo
ValueError in KMeans.  metro: 17640  PR  Coco
metro 25020  ave: -9999.00  sum: 0.00  nTract: 0  PR  Guayama
ValueError in KMeans.  metro: 27580  PR  Jayuya
metro 32420  ave: -9999.00  sum: 0.00  nTract: 0  PR  Mayag
metro 38660  ave: -9999.00  sum: 0.00  nTract: 0  PR  Ponce
metro 41900  ave: -9999.00  sum: 0.00  nTract: 0  PR  San GermSn
metro 41980  ave: -9999.00  sum: 0.00  nTract: 0  PR  San Juan-Carolina-Caguas
ValueError in KMeans.  metro: 42180  PR  Santa Isabel
nResults: 6
KMeansbySelectedTractid ended at 2018-10-31 23:03:25    Elapsed 00:00:05

C:\inetpub\wwwroot\LNCE\python>IndexNeighborhoodChangebySelectedTractid_batch.py
KMeansbySelectedTractid start at 2018-10-31 23:04:49
colList:  nhwht80, nhblk80, nhwht90, nhblk90, nhwht00, nhblk00, nhwht10, nhblk10
0 ('01001020100', 96.2753, 2.0202, 95.8263, 2.08686, 89.6929, 7.54815, 83.7343, 11.9247)
1 ('01001020200', 37.0802, 61.3972, 36.7799, 62.0384, 35.4651, 62.2093, 38.894, 56.4977)
2 ('01001020300', 83.514, 14.764, 85.3997, 13.7195, 82.0006, 14.9146, 75.2446, 19.8043)
68497 ('72153750601', None, None, None, None, None, None, 0.489182, 0.0)
68498 ('72153750602', None, None, None, None, None, None, 0.254696, 0.0)
resultArray: 68499
stateKeys: 52
metroKeys: 929
countyKeys: 1882
0 01001 [0, 11]
1 01003 [12, 43]
2 01007 [44, 47]
1880 72151 [68479, 68487]
1881 72153 [68488, 68498]
nResults: 68499
ValueError in KMeans.  metro: 10260  PR  Adjuntas
metro 10380  ave: -9999.00  sum: 0.00  nTract: 0  PR  Aguadilla-Isabela
nResults: 81
KMeansbySelectedTractid ended at 2018-10-31 23:04:53    Elapsed 00:00:03

C:\inetpub\wwwroot\LNCE\python>IndexNeighborhoodChangebySelectedTractid_batch.py
KMeansbySelectedTractid start at 2018-10-31 23:05:38
colList:  nhwht80, nhblk80, nhwht90, nhblk90, nhwht00, nhblk00, nhwht10, nhblk10
0 ('01001020100', 96.2753, 2.0202, 95.8263, 2.08686, 89.6929, 7.54815, 83.7343, 11.9247)
1 ('01001020200', 37.0802, 61.3972, 36.7799, 62.0384, 35.4651, 62.2093, 38.894, 56.4977)
2 ('01001020300', 83.514, 14.764, 85.3997, 13.7195, 82.0006, 14.9146, 75.2446, 19.8043)
68497 ('72153750601', None, None, None, None, None, None, 0.489182, 0.0)
68498 ('72153750602', None, None, None, None, None, None, 0.254696, 0.0)
resultArray: 68499
stateKeys: 52
metroKeys: 929
countyKeys: 1882
0 01001 [0, 11]
1 01003 [12, 43]
2 01007 [44, 47]
1880 72151 [68479, 68487]
1881 72153 [68488, 68498]
nResults: 68499
nResults: 68499
KMeansbySelectedTractid ended at 2018-10-31 23:05:43    Elapsed 00:00:04

C:\inetpub\wwwroot\LNCE\python>IndexNeighborhoodChangebySelectedTractid_batch.py
KMeansbySelectedTractid start at 2018-10-31 23:06:13
colList:  nhwht80, nhblk80, nhwht90, nhblk90, nhwht00, nhblk00, nhwht10, nhblk10
0 ('01001020100', 96.2753, 2.0202, 95.8263, 2.08686, 89.6929, 7.54815, 83.7343, 11.9247)
1 ('01001020200', 37.0802, 61.3972, 36.7799, 62.0384, 35.4651, 62.2093, 38.894, 56.4977)
2 ('01001020300', 83.514, 14.764, 85.3997, 13.7195, 82.0006, 14.9146, 75.2446, 19.8043)
68497 ('72153750601', None, None, None, None, None, None, 0.489182, 0.0)
68498 ('72153750602', None, None, None, None, None, None, 0.254696, 0.0)
resultArray: 68499
stateKeys: 52
metroKeys: 929
countyKeys: 1882
0 01001 [0, 11]
1 01003 [12, 43]
2 01007 [44, 47]
1880 72151 [68479, 68487]
1881 72153 [68488, 68498]
nResults: 68499
ValueError in KMeans.  metro: 10260  PR  Adjuntas
metro 10380  ave: -9999.00  sum: 0.00  nTract: 0  PR  Aguadilla-Isabela
nResults: 81
KMeansbySelectedTractid ended at 2018-10-31 23:06:17    Elapsed 00:00:04

C:\inetpub\wwwroot\LNCE\python>IndexNeighborhoodChangebySelectedTractid_batch.py
KMeansbySelectedTractid start at 2018-10-31 23:06:39
colList:  nhwht80, nhblk80, nhwht90, nhblk90, nhwht00, nhblk00, nhwht10, nhblk10
0 ('01001020100', 96.2753, 2.0202, 95.8263, 2.08686, 89.6929, 7.54815, 83.7343, 11.9247)
1 ('01001020200', 37.0802, 61.3972, 36.7799, 62.0384, 35.4651, 62.2093, 38.894, 56.4977)
2 ('01001020300', 83.514, 14.764, 85.3997, 13.7195, 82.0006, 14.9146, 75.2446, 19.8043)
68497 ('72153750601', None, None, None, None, None, None, 0.489182, 0.0)
68498 ('72153750602', None, None, None, None, None, None, 0.254696, 0.0)
resultArray: 68499
stateKeys: 52
metroKeys: 929
countyKeys: 1882
0 01001 [0, 11]
1 01003 [12, 43]
2 01007 [44, 47]
1880 72151 [68479, 68487]
1881 72153 [68488, 68498]
nResults: 68499
ValueError in KMeans.  metro: 10260  PR  Adjuntas
metro 10380  ave: -9999.00  sum: 0.00  nTract: 0  PR  Aguadilla-Isabela
metro 11640  ave: -9999.00  sum: 0.00  nTract: 0  PR  Arecibo
metro 17620  ave: -9999.00  sum: 0.00  nTract: 0  PR  Coamo
ValueError in KMeans.  metro: 17640  PR  Coco
metro 25020  ave: -9999.00  sum: 0.00  nTract: 0  PR  Guayama
ValueError in KMeans.  metro: 27580  PR  Jayuya
metro 32420  ave: -9999.00  sum: 0.00  nTract: 0  PR  Mayag
metro 38660  ave: -9999.00  sum: 0.00  nTract: 0  PR  Ponce
metro 41900  ave: -9999.00  sum: 0.00  nTract: 0  PR  San GermSn
metro 41980  ave: -9999.00  sum: 0.00  nTract: 0  PR  San Juan-Carolina-Caguas
ValueError in KMeans.  metro: 42180  PR  Santa Isabel
nResults: 6
KMeansbySelectedTractid ended at 2018-10-31 23:06:45    Elapsed 00:00:05

C:\inetpub\wwwroot\LNCE\python>IndexNeighborhoodChangebySelectedTractid_batch.py
KMeansbySelectedTractid start at 2018-10-31 23:08:03
colList:  nhwht80, nhblk80, nhwht90, nhblk90, nhwht00, nhblk00, nhwht10, nhblk10
0 ('01001020100', 96.2753, 2.0202, 95.8263, 2.08686, 89.6929, 7.54815, 83.7343, 11.9247)
1 ('01001020200', 37.0802, 61.3972, 36.7799, 62.0384, 35.4651, 62.2093, 38.894, 56.4977)
2 ('01001020300', 83.514, 14.764, 85.3997, 13.7195, 82.0006, 14.9146, 75.2446, 19.8043)
68497 ('72153750601', None, None, None, None, None, None, 0.489182, 0.0)
68498 ('72153750602', None, None, None, None, None, None, 0.254696, 0.0)
resultArray: 68499
stateKeys: 52
metroKeys: 929
countyKeys: 1882
0 01001 [0, 11]
1 01003 [12, 43]
2 01007 [44, 47]
1880 72151 [68479, 68487]
1881 72153 [68488, 68498]
nResults: 68499
                   1-01 nhwhtXX  1-02 nhblkXX
2010__72001956300      0.415129      0.000000
2010__72001956400      0.133556      0.000000
2010__72001956500      0.415867      0.000000
2010__72001956600      0.214684      0.000000
2010__72001956700      0.487092      0.097418
2010__72001956800      0.602929      0.000000
df:  (6, 2)
ValueError in KMeans.  metro: 10260  PR  Adjuntas
                   1-01 nhwhtXX  1-02 nhblkXX
2010__72003430100      0.321092      0.100341
2010__72003430200      0.779510      0.018560
2010__72003430300      0.415722      0.113379
2010__72003430401      0.468718      0.020379
2010__72003430402      0.890437      0.058072
2010__72003430501      0.457367      0.016334
2010__72003430502      0.330579      0.020661
2010__72003430601      0.441501      0.044150
2010__72003430602      0.473793      0.059224
2010__72005400100      1.162170      0.035759
2010__72005400300      7.377270      1.220500
2010__72005400400      0.995796      0.088515
2010__72005400501      0.691754      0.249032
2010__72005400502      0.808047      0.098945
2010__72005400600      0.557686      0.034855
2010__72005400700      1.035910      0.069061
2010__72005400800      0.487541      0.216685
2010__72005400900      0.466695      0.254561
2010__72005401000      0.505334      0.000000
2010__72005401100      0.789474      0.263158
2010__72005401200      0.482742      0.120685
2010__72005401301      0.654923      0.067751
2010__72005401302      0.702090      0.063826
2010__72005401401      0.580487      0.290243
2010__72005401402      0.818666      0.102333
2010__72011810100      0.364861      0.028066
2010__72011810200      0.570910      0.116777
2010__72011810300      0.940975      0.042772
2010__72011810400      0.610687      0.076336
2010__72011810500      0.669008      0.117076
...                         ...           ...
2010__72081958200      0.253307      0.000000
2010__72081958300      0.577838      0.000000
2010__72081958400      0.800712      0.133452
2010__72099420100      0.414017      0.059145
2010__72099420200      0.435730      0.014524
2010__72099420301      0.589005      0.147251
2010__72099420302      0.736140      0.023004
2010__72099420401      0.370279      0.074056
2010__72099420402      0.357368      0.000000
2010__72099420500      0.375313      0.041701
2010__72117959400      5.267340      0.298151
2010__72117959500      1.530910      0.086655
2010__72117959600      2.609210      0.014910
2010__72131009200      0.593472      0.000000
2010__72131958500      0.423729      0.181598
2010__72131958700      0.658015      0.036556
2010__72131958800      0.285029      0.120012
2010__72131958900      0.431810      0.000000
2010__72131959000      1.157180      0.144648
2010__72131959200      0.604908      0.069132
2010__72131959300      0.193257      0.021473
2010__72131959500      0.626067      0.075887
2010__72141956900      0.761180      0.071361
2010__72141957000      0.558243      0.055824
2010__72141957100      0.417412      0.000000
2010__72141957200      0.601591      0.019406
2010__72141957300      0.460271      0.024225
2010__72141957400      0.205423      0.041085
2010__72141957500      0.269633      0.000000
2010__72141957600      0.466563      0.000000

[76 rows x 2 columns]
df:  (76, 2)
metro 10380  ave: -9999.00  sum: 0.00  nTract: 0  PR  Aguadilla-Isabela
nResults: 81
KMeansbySelectedTractid ended at 2018-10-31 23:08:08    Elapsed 00:00:04

C:\inetpub\wwwroot\LNCE\python>IndexNeighborhoodChangebySelectedTractid_batch.py
KMeansbySelectedTractid start at 2018-10-31 23:09:14
colList:  nhwht80, nhblk80, nhwht90, nhblk90, nhwht00, nhblk00, nhwht10, nhblk10
0 ('01001020100', 96.2753, 2.0202, 95.8263, 2.08686, 89.6929, 7.54815, 83.7343, 11.9247)
1 ('01001020200', 37.0802, 61.3972, 36.7799, 62.0384, 35.4651, 62.2093, 38.894, 56.4977)
2 ('01001020300', 83.514, 14.764, 85.3997, 13.7195, 82.0006, 14.9146, 75.2446, 19.8043)
68497 ('72153750601', None, None, None, None, None, None, 0.489182, 0.0)
68498 ('72153750602', None, None, None, None, None, None, 0.254696, 0.0)
resultArray: 68499
stateKeys: 52
metroKeys: 929
countyKeys: 1882
0 01001 [0, 11]
1 01003 [12, 43]
2 01007 [44, 47]
1880 72151 [68479, 68487]
1881 72153 [68488, 68498]
nResults: 68499
                   1-01 nhwhtXX  1-02 nhblkXX
2010__72001956300      0.415129      0.000000
2010__72001956400      0.133556      0.000000
2010__72001956500      0.415867      0.000000
2010__72001956600      0.214684      0.000000
2010__72001956700      0.487092      0.097418
2010__72001956800      0.602929      0.000000
df:  (6, 2)
ValueError in KMeans.  metro: 10260  PR  Adjuntas
nResults: 6
KMeansbySelectedTractid ended at 2018-10-31 23:09:18    Elapsed 00:00:03

C:\inetpub\wwwroot\LNCE\python>




 


nClusters = "8"
years = "1980,1990,2000,2010"
codes = "1-01 nhwhtXX,1-02 nhblkXX"
allcodestring = "1-01 nhwhtXX,1-02 nhblkXX"

C:\inetpub\wwwroot\LNCE\python>IndexNeighborhoodChangebySelectedTractid_batch.py
KMeansbySelectedTractid start at 2018-11-02 01:25:58
Content-Type: text/html

{"filename": "1980_1990_2000_2010_AL_Albertville_h3hhh.js", "size": 2, "counts": [["code", "total", "1980", "1990", "200
0", "2010"], ["1-01 nhwhtXX", 68499, 58696, 67094, 67103, 67967], ["1-02 nhblkXX", 68499, 58696, 67094, 67103, 67967]],
"result": []}
KMeansbySelectedTractid ended at 2018-11-02 01:27:45    Elapsed 00:01:46


nClusters = "8"
years = "1980,1990,2000,2010"
codes = "1-01 nhwhtXX,1-02 nhblkXX"

C:\inetpub\wwwroot\LNCE\python>IndexNeighborhoodChangebySelectedTractid_batch.py
KMeansbySelectedTractid start at 2018-11-02 01:34:25
Content-Type: text/html

KMeansbySelectedTractid ended at 2018-11-02 01:38:05    Elapsed 00:03:39

C:\inetpub\wwwroot\LNCE\python>