2019-10-23 10:26:33
  {'NumOfMaps': 6,
   'chart': 'Parallel Coordinates Plot',
   'county_fips': None,
   'filename_suffix': 'SD_ParallelCoordinates',
   'label': 'short_name',
   'msa_fips': '41740',
   'state_fips': None,
   'title': 'Adaptive Choropleth Mapper with PCP',
   'variables': ['p_nonhisp_white_persons',
                 'p_nonhisp_black_persons',
                 'p_hispanic_persons',
                 'p_native_persons',
                 'p_asian_persons',
                 'p_hawaiian_persons',
                 'median_household_income',
                 'median_income_whitehh',
                 'median_income_blackhh',
                 'median_income_hispanichh',
                 'median_income_asianhh'],
   'year': 2000}