2019-10-23 09:52:14
  {'Distribution_INC1': True,
   'Distribution_INC2_different_cluster': True,
   'Distribution_INC2_different_period': True,
   'Index_of_neighborhood_change': True,
   'Maps_of_neighborhood': True,
   'Sequence': False,
   'county_fips': None,
   'filename_suffix': 'Atlanta_2_INC_neighborhood',
   'method': 'kmeans',
   'msa_fips': '12060',
   'nClusters': 8,
   'state_fips': None,
   'title': 'Neighborhood Analysis: Kmeans, Atlanta',
   'variables': ['p_nonhisp_white_persons',
                 'p_nonhisp_black_persons',
                 'p_hispanic_persons',
                 'p_native_persons',
                 'p_asian_persons'],
   'years': [1980, 1990, 2000, 2010]}