2019-12-03 18:16:38
  {'Maps_of_neighborhood': True,
   'Parallel_Categories_Diagram_in_neighborhoods': True,
   'Sequence': {'dist_type': 'tran', 'seq_clusters': 5},
   'county_fips': None,
   'filename_suffix': 'Atlanta_3_sequence_neighborhood_categoriesDiagram',
   'labels': ['% white, non-Hispanic',
              '% black, non-Hispanic',
              '% Hispanic',
              '% Native American race',
              '% Asian and Pacific Islander race'],
   'method': 'kmeans',
   'msa_fips': '41740',
   'nClusters': 8,
   'state_fips': None,
   'title': 'Neighborhood Analysis: Kmeans, San Diego',
   'variables': ['p_nonhisp_white_persons',
                 'p_nonhisp_black_persons',
                 'p_hispanic_persons',
                 'p_native_persons',
                 'p_asian_persons'],
   'years': [1980, 1990, 2000, 2010]}